<?xml version="1.0" encoding="UTF-8"?>
<testsuite xmlns:xsi="http://www.w3.org/2001/XMLSchema-instance" xsi:noNamespaceSchemaLocation="https://maven.apache.org/surefire/maven-surefire-plugin/xsd/surefire-test-report-3.0.xsd" version="3.0" name="org.example.utente.UtenteTest" time="0.456" tests="8" errors="0" skipped="0" failures="0">
  <properties>
[...]
</properties>
  <testcase name="testGetContoBancario" classname="org.example.utente.UtenteTest" time="0.433">
    <system-out><![CDATA[Started: testGetContoBancario
]]></system-out>
  </testcase>
  <testcase name="testGetSurname" classname="org.example.utente.UtenteTest" time="0.001">
    <system-out><![CDATA[Finished: testGetContoBancario
Started: testGetSurname
]]></system-out>
  </testcase>
  <testcase name="testGetAddress" classname="org.example.utente.UtenteTest" time="0.0">
    <system-out><![CDATA[Finished: testGetSurname
Started: testGetAddress
]]></system-out>
  </testcase>
  <testcase name="testGetName" classname="org.example.utente.UtenteTest" time="0.001">
    <system-out><![CDATA[Finished: testGetAddress
Started: testGetName
]]></system-out>
  </testcase>
  <testcase name="testSetSurname" classname="org.example.utente.UtenteTest" time="0.0">
    <system-out><![CDATA[Finished: testGetName
Started: testSetSurname
]]></system-out>
  </testcase>
  <testcase name="testSetContoBancario" classname="org.example.utente.UtenteTest" time="0.001">
    <system-out><![CDATA[Finished: testSetSurname
Started: testSetContoBancario
]]></system-out>
  </testcase>
  <testcase name="testSetName" classname="org.example.utente.UtenteTest" time="0.0">
    <system-out><![CDATA[Finished: testSetContoBancario
Started: testSetName
]]></system-out>
  </testcase>
  <testcase name="testGetTelephone" classname="org.example.utente.UtenteTest" time="0.001">
    <system-out><![CDATA[Finished: testSetName
Started: testGetTelephone
]]></system-out>
  </testcase>
</testsuite>