<?xml version="1.0" encoding="UTF-8"?>
<testsuite xmlns:xsi="http://www.w3.org/2001/XMLSchema-instance" xsi:noNamespaceSchemaLocation="https://maven.apache.org/surefire/maven-surefire-plugin/xsd/surefire-test-report-3.0.xsd" version="3.0" name="org.apache.hadoop.hive.metastore.utils.RetryTest" time="270.002" tests="5" errors="0" skipped="0" failures="0">
  <properties>
[...]
</properties>
  <testcase name="testRetryFailureWithDelay" classname="org.apache.hadoop.hive.metastore.utils.RetryTest" time="0"/>
  <testcase name="testRetrySuccessWithDelay" classname="org.apache.hadoop.hive.metastore.utils.RetryTest" time="89.99"/>
  <testcase name="testRetryFailureWithDelayMoreThanTimeout" classname="org.apache.hadoop.hive.metastore.utils.RetryTest" time="180.002"/>
  <testcase name="testRetrySuccess" classname="org.apache.hadoop.hive.metastore.utils.RetryTest" time="0"/>
  <testcase name="testRetryFailure" classname="org.apache.hadoop.hive.metastore.utils.RetryTest" time="0.001"/>
</testsuite>