<?xml version="1.0" encoding="UTF-8"?>
<testsuite xmlns:xsi="http://www.w3.org/2001/XMLSchema-instance" xsi:noNamespaceSchemaLocation="https://maven.apache.org/surefire/maven-surefire-plugin/xsd/surefire-test-report-3.0.xsd" version="3.0" name="org.apache.avro.util.TestCaseFinderParameterized" time="0.016" tests="14" errors="0" skipped="0" failures="0">
  <properties>
[...]
</properties>
  <testcase name="testOutput[0]" classname="org.apache.avro.util.TestCaseFinderParameterized" time="0"/>
  <testcase name="testOutput[1]" classname="org.apache.avro.util.TestCaseFinderParameterized" time="0"/>
  <testcase name="testOutput[2]" classname="org.apache.avro.util.TestCaseFinderParameterized" time="0"/>
  <testcase name="testOutput[3]" classname="org.apache.avro.util.TestCaseFinderParameterized" time="0"/>
  <testcase name="testOutput[4]" classname="org.apache.avro.util.TestCaseFinderParameterized" time="0"/>
  <testcase name="testOutput[5]" classname="org.apache.avro.util.TestCaseFinderParameterized" time="0"/>
  <testcase name="testOutput[6]" classname="org.apache.avro.util.TestCaseFinderParameterized" time="0"/>
  <testcase name="testOutput[7]" classname="org.apache.avro.util.TestCaseFinderParameterized" time="0"/>
  <testcase name="testOutput[8]" classname="org.apache.avro.util.TestCaseFinderParameterized" time="0"/>
  <testcase name="testOutput[9]" classname="org.apache.avro.util.TestCaseFinderParameterized" time="0.001"/>
  <testcase name="testOutput[10]" classname="org.apache.avro.util.TestCaseFinderParameterized" time="0"/>
  <testcase name="testOutput[11]" classname="org.apache.avro.util.TestCaseFinderParameterized" time="0"/>
  <testcase name="testOutput[12]" classname="org.apache.avro.util.TestCaseFinderParameterized" time="0"/>
  <testcase name="testOutput[13]" classname="org.apache.avro.util.TestCaseFinderParameterized" time="0"/>
</testsuite>